<?xml version="1.0" encoding="UTF-8"?>
<!-- Generated by org.testng.reporters.JUnitReportReporter -->
<testsuite hostname="LPCD-HWNP4B3" failures="0" tests="1" name="tests.HomeTest" time="0.321" errors="0" timestamp="2024-06-18T11:59:25 IST" skipped="0">
  <testcase classname="tests.HomeTest" name="VerifyAddItemtoCart" time="0.321"/>
</testsuite> <!-- tests.HomeTest -->
